<?xml version="1.0" encoding="UTF-8"?>
<!-- Generated by org.testng.reporters.JUnitReportReporter -->
<testsuite hostname="DESKTOP-PV8OE5S" failures="0" tests="1" name="DemoTest" time="0.028" errors="0" timestamp="2022-09-09T11:06:23 IST" skipped="0">
  <testcase classname="DemoTest" name="demoTest" time="0.028"/>
  <system-out/>
</testsuite> <!-- DemoTest -->
