<?xml version="1.0" encoding="UTF-8"?>
<!-- Generated by org.testng.reporters.JUnitReportReporter -->
<testsuite hostname="DESKTOP-PV8OE5S" failures="0" tests="1" name="ReadDataFromCmdLineTest" time="0.001" errors="0" timestamp="2022-09-15T11:38:29 IST" skipped="0">
  <testcase classname="ReadDataFromCmdLineTest" name="readData" time="0.001"/>
  <system-out/>
</testsuite> <!-- ReadDataFromCmdLineTest -->
