<?xml version="1.0" encoding="UTF-8"?>
<!-- Generated by org.testng.reporters.JUnitReportReporter -->
<testsuite hostname="DESKTOP-PV8OE5S" failures="0" tests="2" name="SampleTest" time="0.023" errors="0" timestamp="2022-09-15T11:38:29 IST" skipped="0">
  <testcase classname="SampleTest" name="sampleTest" time="0.003"/>
  <system-out/>
  <testcase classname="SampleTest" name="sampleDataTest" time="0.020"/>
  <system-out/>
</testsuite> <!-- SampleTest -->
