<?xml version="1.0" encoding="UTF-8"?>
<!-- Generated by org.testng.reporters.JUnitReportReporter -->
<testsuite hostname="DESKTOP-PV8OE5S" failures="0" tests="2" name="SampleTest" time="0.018" errors="0" timestamp="2022-09-10T10:16:37 IST" skipped="0">
  <testcase classname="SampleTest" name="sampleDataTest" time="0.016"/>
  <system-out/>
  <testcase classname="SampleTest" name="sampleTest" time="0.002"/>
  <system-out/>
</testsuite> <!-- SampleTest -->
