<?xml version="1.0" encoding="UTF-8"?>
<!-- Generated by org.testng.reporters.JUnitReportReporter -->
<testsuite hostname="DESKTOP-PV8OE5S" failures="0" tests="1" name="DemoTest" time="0.004" errors="0" timestamp="2022-09-15T11:38:29 IST" skipped="0">
  <testcase classname="DemoTest" name="demoTest" time="0.004"/>
  <system-out/>
</testsuite> <!-- DemoTest -->
